INFO: [VRFC 10-163] Analyzing VHDL file "/home/sten/Desktop/Digital-Systems-Development/Labo 6-12/basys3_ov7670_v1/basys3_ov7670_v1.srcs/sources_1/imports/ov7670_fr/RGB.vhd" into library xil_defaultlib
INFO: [VRFC 10-3107] analyzing entity 'RGB'
INFO: [VRFC 10-163] Analyzing VHDL file "/home/sten/Desktop/Digital-Systems-Development/Labo 6-12/basys3_ov7670_v1/basys3_ov7670_v1.srcs/sources_1/imports/ov7670_fr/address_Generator.vhd" into library xil_defaultlib
INFO: [VRFC 10-3107] analyzing entity 'Address_Generator'
INFO: [VRFC 10-163] Analyzing VHDL file "/home/sten/Desktop/Digital-Systems-Development/Labo 6-12/basys3_ov7670_v1/basys3_ov7670_v1.srcs/sources_1/imports/basys3_ov7670/clocking.vhd" into library xil_defaultlib
INFO: [VRFC 10-3107] analyzing entity 'clocking'
INFO: [VRFC 10-163] Analyzing VHDL file "/home/sten/Desktop/Digital-Systems-Development/Labo 6-12/basys3_ov7670_v1/basys3_ov7670_v1.srcs/sources_1/imports/ov7670_fr/debounce.vhd" into library xil_defaultlib
INFO: [VRFC 10-3107] analyzing entity 'debounce'
INFO: [VRFC 10-163] Analyzing VHDL file "/home/sten/Desktop/Digital-Systems-Development/Labo 6-12/basys3_ov7670_v1/basys3_ov7670_v1.srcs/sources_1/imports/basys3_ov7670/i2c_sender.vhd" into library xil_defaultlib
INFO: [VRFC 10-3107] analyzing entity 'i2c_sender'
INFO: [VRFC 10-163] Analyzing VHDL file "/home/sten/Desktop/Digital-Systems-Development/Labo 6-12/basys3_ov7670_v1/basys3_ov7670_v1.srcs/sources_1/imports/ov7670_fr/ov7670_capture.vhd" into library xil_defaultlib
INFO: [VRFC 10-3107] analyzing entity 'ov7670_capture'
INFO: [VRFC 10-163] Analyzing VHDL file "/home/sten/Desktop/Digital-Systems-Development/Labo 6-12/basys3_ov7670_v1/basys3_ov7670_v1.srcs/sources_1/imports/ov7670_fr/ov7670_controller.vhd" into library xil_defaultlib
INFO: [VRFC 10-3107] analyzing entity 'ov7670_controller'
INFO: [VRFC 10-163] Analyzing VHDL file "/home/sten/Desktop/Digital-Systems-Development/Labo 6-12/basys3_ov7670_v1/basys3_ov7670_v1.srcs/sources_1/imports/basys3_ov7670/ov7670_registers.vhd" into library xil_defaultlib
INFO: [VRFC 10-3107] analyzing entity 'ov7670_registers'
INFO: [VRFC 10-163] Analyzing VHDL file "/home/sten/Desktop/Digital-Systems-Development/Labo 6-12/basys3_ov7670_v1/basys3_ov7670_v1.srcs/sources_1/imports/ov7670_fr/vga.vhd" into library xil_defaultlib
INFO: [VRFC 10-3107] analyzing entity 'VGA'
INFO: [VRFC 10-163] Analyzing VHDL file "/home/sten/Desktop/Digital-Systems-Development/Labo 6-12/basys3_ov7670_v1/basys3_ov7670_v1.srcs/sources_1/imports/ov7670_fr/top_level.vhd" into library xil_defaultlib
INFO: [VRFC 10-3107] analyzing entity 'top_level'
