Copyright 1986-2022 Xilinx, Inc. All Rights Reserved.
--------------------------------------------------------------------------------------
| Tool Version : Vivado v.2022.1 (lin64) Build 3526262 Mon Apr 18 15:47:01 MDT 2022
| Date         : Tue Oct 24 10:58:49 2023
| Host         : PC-Sten-Linux running 64-bit Ubuntu 22.04.3 LTS
| Command      : report_control_sets -verbose -file top_level_control_sets_placed.rpt
| Design       : top_level
| Device       : xc7a35t
--------------------------------------------------------------------------------------

Control Set Information

Table of Contents
-----------------
1. Summary
2. Histogram
3. Flip-Flop Distribution
4. Detailed Control Set Information

1. Summary
----------

+----------------------------------------------------------+-------+
|                          Status                          | Count |
+----------------------------------------------------------+-------+
| Total control sets                                       |    19 |
|    Minimum number of control sets                        |    19 |
|    Addition due to synthesis replication                 |     0 |
|    Addition due to physical synthesis replication        |     0 |
| Unused register locations in slices containing registers |    67 |
+----------------------------------------------------------+-------+
* Control sets can be merged at opt_design using control_set_merge or merge_equivalent_drivers
** Run report_qor_suggestions for automated merging and remapping suggestions


2. Histogram
------------

+--------------------+-------+
|       Fanout       | Count |
+--------------------+-------+
| Total control sets |    19 |
| >= 0 to < 4        |     4 |
| >= 4 to < 6        |     1 |
| >= 6 to < 8        |     2 |
| >= 8 to < 10       |     3 |
| >= 10 to < 12      |     3 |
| >= 12 to < 14      |     0 |
| >= 14 to < 16      |     1 |
| >= 16              |     5 |
+--------------------+-------+
* Control sets can be remapped at either synth_design or opt_design


3. Flip-Flop Distribution
-------------------------

+--------------+-----------------------+------------------------+-----------------+--------------+
| Clock Enable | Synchronous Set/Reset | Asynchronous Set/Reset | Total Registers | Total Slices |
+--------------+-----------------------+------------------------+-----------------+--------------+
| No           | No                    | No                     |              35 |           31 |
| No           | No                    | Yes                    |               0 |            0 |
| No           | Yes                   | No                     |              43 |           12 |
| Yes          | No                    | No                     |              74 |           26 |
| Yes          | No                    | Yes                    |               0 |            0 |
| Yes          | Yes                   | No                     |              69 |           19 |
+--------------+-----------------------+------------------------+-----------------+--------------+


4. Detailed Control Set Information
-----------------------------------

+----------------------------+-----------------------------------------------------------+------------------------------------------------------------+------------------+----------------+--------------+
|        Clock Signal        |                       Enable Signal                       |                      Set/Reset Signal                      | Slice Load Count | Bel Load Count | Bels / Slice |
+----------------------------+-----------------------------------------------------------+------------------------------------------------------------+------------------+----------------+--------------+
|  your_instance_name/CLK_25 |                                                           | Inst_VGA/Hsync0                                            |                1 |              1 |         1.00 |
|  your_instance_name/CLK_50 |                                                           | Inst_ov7670_controller/Inst_i2c_sender/sioc_i_1_n_0        |                1 |              1 |         1.00 |
|  ov7670_pclk_IBUF_BUFG     |                                                           |                                                            |                2 |              2 |         1.00 |
|  your_instance_name/CLK_25 | Inst_VGA/eqOp                                             |                                                            |                1 |              2 |         2.00 |
|  ov7670_pclk_IBUF_BUFG     | Inst_ov7670_capture/line0                                 | Inst_ov7670_capture/latched_vsync                          |                1 |              4 |         4.00 |
|  ov7670_pclk_IBUF_BUFG     |                                                           | Inst_ov7670_capture/href_last[6]_i_1_n_0                   |                1 |              7 |         7.00 |
|  your_instance_name/CLK_50 |                                                           |                                                            |                5 |              7 |         1.40 |
|  your_instance_name/CLK_50 | Inst_ov7670_controller/Inst_i2c_sender/taken              | Inst_debounce/o                                            |                2 |              8 |         4.00 |
|  your_instance_name/CLK_50 | Inst_ov7670_controller/Inst_i2c_sender/divider[7]_i_1_n_0 |                                                            |                1 |              8 |         8.00 |
|  your_instance_name/CLK_25 | Inst_VGA/eqOp                                             | Inst_VGA/Vcnt                                              |                2 |              8 |         4.00 |
| ~ov7670_pclk_IBUF_BUFG     |                                                           |                                                            |               10 |             10 |         1.00 |
|  your_instance_name/CLK_25 |                                                           | Inst_VGA/eqOp                                              |                3 |             10 |         3.33 |
|  your_instance_name/CLK_50 | Inst_ov7670_controller/Inst_i2c_sender/busy_sr0           | Inst_ov7670_controller/Inst_i2c_sender/data_sr[30]_i_1_n_0 |                4 |             11 |         2.75 |
|  ov7670_pclk_IBUF_BUFG     | Inst_ov7670_capture/latched_href                          |                                                            |               12 |             15 |         1.25 |
|  your_instance_name/CLK_25 |                                                           |                                                            |               14 |             16 |         1.14 |
|  your_instance_name/CLK_25 | Inst_Address_Generator/val                                | Inst_VGA/Vsync_reg_0                                       |                5 |             19 |         3.80 |
|  ov7670_pclk_IBUF_BUFG     | Inst_ov7670_capture/wren                                  | Inst_ov7670_capture/latched_vsync                          |                5 |             19 |         3.80 |
|  your_instance_name/CLK_25 |                                                           | Inst_debounce/clear                                        |                6 |             24 |         4.00 |
|  your_instance_name/CLK_50 | Inst_ov7670_controller/Inst_i2c_sender/busy_sr0           |                                                            |               12 |             49 |         4.08 |
+----------------------------+-----------------------------------------------------------+------------------------------------------------------------+------------------+----------------+--------------+


