INFO: [VRFC 10-2263] Analyzing Verilog file "/home/sten/Desktop/Digital-Systems-Development/Labo 6-12/basys3_ov7670_v1/basys3_ov7670_v1.sim/sim_1/synth/func/xsim/top_level_func_synth.v" into library xil_defaultlib
INFO: [VRFC 10-311] analyzing module Address_Generator
INFO: [VRFC 10-311] analyzing module VGA
INFO: [VRFC 10-311] analyzing module clocking
INFO: [VRFC 10-311] analyzing module debounce
INFO: [VRFC 10-311] analyzing module frame_buffer
INFO: [VRFC 10-311] analyzing module i2c_sender
INFO: [VRFC 10-311] analyzing module ov7670_capture
INFO: [VRFC 10-311] analyzing module ov7670_controller
INFO: [VRFC 10-311] analyzing module ov7670_registers
INFO: [VRFC 10-311] analyzing module top_level
INFO: [VRFC 10-311] analyzing module frame_buffer_bindec
INFO: [VRFC 10-311] analyzing module frame_buffer_bindec_0
INFO: [VRFC 10-311] analyzing module frame_buffer_blk_mem_gen_generic_cstr
INFO: [VRFC 10-311] analyzing module frame_buffer_blk_mem_gen_mux__parameterized0
INFO: [VRFC 10-311] analyzing module frame_buffer_blk_mem_gen_prim_width
INFO: [VRFC 10-311] analyzing module frame_buffer_blk_mem_gen_prim_width__parameterized0
INFO: [VRFC 10-311] analyzing module frame_buffer_blk_mem_gen_prim_width__parameterized1
INFO: [VRFC 10-311] analyzing module frame_buffer_blk_mem_gen_prim_width__parameterized10
INFO: [VRFC 10-311] analyzing module frame_buffer_blk_mem_gen_prim_width__parameterized11
INFO: [VRFC 10-311] analyzing module frame_buffer_blk_mem_gen_prim_width__parameterized12
INFO: [VRFC 10-311] analyzing module frame_buffer_blk_mem_gen_prim_width__parameterized13
INFO: [VRFC 10-311] analyzing module frame_buffer_blk_mem_gen_prim_width__parameterized14
INFO: [VRFC 10-311] analyzing module frame_buffer_blk_mem_gen_prim_width__parameterized15
INFO: [VRFC 10-311] analyzing module frame_buffer_blk_mem_gen_prim_width__parameterized16
INFO: [VRFC 10-311] analyzing module frame_buffer_blk_mem_gen_prim_width__parameterized17
INFO: [VRFC 10-311] analyzing module frame_buffer_blk_mem_gen_prim_width__parameterized18
INFO: [VRFC 10-311] analyzing module frame_buffer_blk_mem_gen_prim_width__parameterized19
INFO: [VRFC 10-311] analyzing module frame_buffer_blk_mem_gen_prim_width__parameterized2
INFO: [VRFC 10-311] analyzing module frame_buffer_blk_mem_gen_prim_width__parameterized20
INFO: [VRFC 10-311] analyzing module frame_buffer_blk_mem_gen_prim_width__parameterized21
INFO: [VRFC 10-311] analyzing module frame_buffer_blk_mem_gen_prim_width__parameterized22
INFO: [VRFC 10-311] analyzing module frame_buffer_blk_mem_gen_prim_width__parameterized23
INFO: [VRFC 10-311] analyzing module frame_buffer_blk_mem_gen_prim_width__parameterized24
INFO: [VRFC 10-311] analyzing module frame_buffer_blk_mem_gen_prim_width__parameterized25
INFO: [VRFC 10-311] analyzing module frame_buffer_blk_mem_gen_prim_width__parameterized26
INFO: [VRFC 10-311] analyzing module frame_buffer_blk_mem_gen_prim_width__parameterized27
INFO: [VRFC 10-311] analyzing module frame_buffer_blk_mem_gen_prim_width__parameterized28
INFO: [VRFC 10-311] analyzing module frame_buffer_blk_mem_gen_prim_width__parameterized29
INFO: [VRFC 10-311] analyzing module frame_buffer_blk_mem_gen_prim_width__parameterized3
INFO: [VRFC 10-311] analyzing module frame_buffer_blk_mem_gen_prim_width__parameterized30
INFO: [VRFC 10-311] analyzing module frame_buffer_blk_mem_gen_prim_width__parameterized31
INFO: [VRFC 10-311] analyzing module frame_buffer_blk_mem_gen_prim_width__parameterized32
INFO: [VRFC 10-311] analyzing module frame_buffer_blk_mem_gen_prim_width__parameterized33
INFO: [VRFC 10-311] analyzing module frame_buffer_blk_mem_gen_prim_width__parameterized34
INFO: [VRFC 10-311] analyzing module frame_buffer_blk_mem_gen_prim_width__parameterized35
INFO: [VRFC 10-311] analyzing module frame_buffer_blk_mem_gen_prim_width__parameterized36
INFO: [VRFC 10-311] analyzing module frame_buffer_blk_mem_gen_prim_width__parameterized4
INFO: [VRFC 10-311] analyzing module frame_buffer_blk_mem_gen_prim_width__parameterized5
INFO: [VRFC 10-311] analyzing module frame_buffer_blk_mem_gen_prim_width__parameterized6
INFO: [VRFC 10-311] analyzing module frame_buffer_blk_mem_gen_prim_width__parameterized7
INFO: [VRFC 10-311] analyzing module frame_buffer_blk_mem_gen_prim_width__parameterized8
INFO: [VRFC 10-311] analyzing module frame_buffer_blk_mem_gen_prim_width__parameterized9
INFO: [VRFC 10-311] analyzing module frame_buffer_blk_mem_gen_prim_wrapper
INFO: [VRFC 10-311] analyzing module frame_buffer_blk_mem_gen_prim_wrapper__parameterized0
INFO: [VRFC 10-311] analyzing module frame_buffer_blk_mem_gen_prim_wrapper__parameterized1
INFO: [VRFC 10-311] analyzing module frame_buffer_blk_mem_gen_prim_wrapper__parameterized10
INFO: [VRFC 10-311] analyzing module frame_buffer_blk_mem_gen_prim_wrapper__parameterized11
INFO: [VRFC 10-311] analyzing module frame_buffer_blk_mem_gen_prim_wrapper__parameterized12
INFO: [VRFC 10-311] analyzing module frame_buffer_blk_mem_gen_prim_wrapper__parameterized13
INFO: [VRFC 10-311] analyzing module frame_buffer_blk_mem_gen_prim_wrapper__parameterized14
INFO: [VRFC 10-311] analyzing module frame_buffer_blk_mem_gen_prim_wrapper__parameterized15
INFO: [VRFC 10-311] analyzing module frame_buffer_blk_mem_gen_prim_wrapper__parameterized16
INFO: [VRFC 10-311] analyzing module frame_buffer_blk_mem_gen_prim_wrapper__parameterized17
INFO: [VRFC 10-311] analyzing module frame_buffer_blk_mem_gen_prim_wrapper__parameterized18
INFO: [VRFC 10-311] analyzing module frame_buffer_blk_mem_gen_prim_wrapper__parameterized19
INFO: [VRFC 10-311] analyzing module frame_buffer_blk_mem_gen_prim_wrapper__parameterized2
INFO: [VRFC 10-311] analyzing module frame_buffer_blk_mem_gen_prim_wrapper__parameterized20
INFO: [VRFC 10-311] analyzing module frame_buffer_blk_mem_gen_prim_wrapper__parameterized21
INFO: [VRFC 10-311] analyzing module frame_buffer_blk_mem_gen_prim_wrapper__parameterized22
INFO: [VRFC 10-311] analyzing module frame_buffer_blk_mem_gen_prim_wrapper__parameterized23
INFO: [VRFC 10-311] analyzing module frame_buffer_blk_mem_gen_prim_wrapper__parameterized24
INFO: [VRFC 10-311] analyzing module frame_buffer_blk_mem_gen_prim_wrapper__parameterized25
INFO: [VRFC 10-311] analyzing module frame_buffer_blk_mem_gen_prim_wrapper__parameterized26
INFO: [VRFC 10-311] analyzing module frame_buffer_blk_mem_gen_prim_wrapper__parameterized27
INFO: [VRFC 10-311] analyzing module frame_buffer_blk_mem_gen_prim_wrapper__parameterized28
INFO: [VRFC 10-311] analyzing module frame_buffer_blk_mem_gen_prim_wrapper__parameterized29
INFO: [VRFC 10-311] analyzing module frame_buffer_blk_mem_gen_prim_wrapper__parameterized3
INFO: [VRFC 10-311] analyzing module frame_buffer_blk_mem_gen_prim_wrapper__parameterized30
INFO: [VRFC 10-311] analyzing module frame_buffer_blk_mem_gen_prim_wrapper__parameterized31
INFO: [VRFC 10-311] analyzing module frame_buffer_blk_mem_gen_prim_wrapper__parameterized32
INFO: [VRFC 10-311] analyzing module frame_buffer_blk_mem_gen_prim_wrapper__parameterized33
INFO: [VRFC 10-311] analyzing module frame_buffer_blk_mem_gen_prim_wrapper__parameterized34
INFO: [VRFC 10-311] analyzing module frame_buffer_blk_mem_gen_prim_wrapper__parameterized35
INFO: [VRFC 10-311] analyzing module frame_buffer_blk_mem_gen_prim_wrapper__parameterized36
INFO: [VRFC 10-311] analyzing module frame_buffer_blk_mem_gen_prim_wrapper__parameterized4
INFO: [VRFC 10-311] analyzing module frame_buffer_blk_mem_gen_prim_wrapper__parameterized5
INFO: [VRFC 10-311] analyzing module frame_buffer_blk_mem_gen_prim_wrapper__parameterized6
INFO: [VRFC 10-311] analyzing module frame_buffer_blk_mem_gen_prim_wrapper__parameterized7
INFO: [VRFC 10-311] analyzing module frame_buffer_blk_mem_gen_prim_wrapper__parameterized8
INFO: [VRFC 10-311] analyzing module frame_buffer_blk_mem_gen_prim_wrapper__parameterized9
INFO: [VRFC 10-311] analyzing module frame_buffer_blk_mem_gen_top
INFO: [VRFC 10-311] analyzing module frame_buffer_blk_mem_gen_v8_4_5
INFO: [VRFC 10-311] analyzing module frame_buffer_blk_mem_gen_v8_4_5_synth
INFO: [VRFC 10-311] analyzing module glbl
